I, [19-08-26 12:54:33#74810]  INFO -- : Discourse Men                                           
I, [19-08-26 12:54:33#74810]  INFO -- : Processed Users                     0                   
I, [19-08-26 12:54:33#74810]  INFO -- : Skipped Users                       0                   
I, [19-08-26 12:54:33#74810]  INFO -- : Messages Sent                       0                   
I, [19-08-26 12:54:33#74810]  INFO -- : Downgrade Trust                                         
I, [19-08-26 12:54:33#74810]  INFO -- : Users                               0                   
I, [19-08-26 12:54:33#74810]  INFO -- : User Trust Targets                  0                   
I, [19-08-26 12:54:33#74810]  INFO -- : User Trust Updated                  0                   
I, [19-08-26 12:55:21#75253]  INFO -- : Non Owner   last_seen_at   last_posted_at   post_count   time_read   recent_time_read   trust_level         
I, [19-08-26 12:55:21#75253]  INFO -- : Brad_Fino   2018-03-09     2018-01-08       16           4936        0                  1                   
I, [19-08-26 12:55:21#75253]  INFO -- : Discourse Men                                           
I, [19-08-26 12:55:21#75253]  INFO -- : Processed Users                     1                   
I, [19-08-26 12:55:21#75253]  INFO -- : Skipped Users                       0                   
I, [19-08-26 12:55:21#75253]  INFO -- : Messages Sent                       0                   
I, [19-08-26 12:55:21#75253]  INFO -- : Downgrade Trust                                         
I, [19-08-26 12:55:21#75253]  INFO -- : Users                               0                   
I, [19-08-26 12:55:21#75253]  INFO -- : User Trust Targets                  1                   
I, [19-08-26 12:55:21#75253]  INFO -- : User Trust Updated                  0                   
I, [19-08-26 12:55:47#75694]  INFO -- : Non Owner   last_seen_at   last_posted_at   post_count   time_read   recent_time_read   trust_level         
I, [19-08-26 12:55:47#75694]  INFO -- : Brad_Fino   2018-03-09     2018-01-08       16           4936        0                  1                   
W, [19-08-26 12:55:48#75694]  WARN -- : Brad_Fino Downgraded
I, [19-08-26 12:55:48#75694]  INFO -- : Non Owner   last_seen_at   last_posted_at   post_count   time_read   recent_time_read   trust_level         
I, [19-08-26 12:55:48#75694]  INFO -- : Brad_Fino   2018-03-09     2018-01-08       16           4936        0                  0                   
I, [19-08-26 12:55:49#75694]  INFO -- : Discourse Men                                           
I, [19-08-26 12:55:49#75694]  INFO -- : Processed Users                     1                   
I, [19-08-26 12:55:49#75694]  INFO -- : Skipped Users                       0                   
I, [19-08-26 12:55:49#75694]  INFO -- : Messages Sent                       0                   
I, [19-08-26 12:55:49#75694]  INFO -- : Downgrade Trust                                         
I, [19-08-26 12:55:49#75694]  INFO -- : Users                               0                   
I, [19-08-26 12:55:49#75694]  INFO -- : User Trust Targets                  1                   
I, [19-08-26 12:55:49#75694]  INFO -- : User Trust Updated                  1                   
I, [19-08-26 12:56:00#76128]  INFO -- : Discourse Men                                           
I, [19-08-26 12:56:00#76128]  INFO -- : Processed Users                     0                   
I, [19-08-26 12:56:00#76128]  INFO -- : Skipped Users                       0                   
I, [19-08-26 12:56:00#76128]  INFO -- : Messages Sent                       0                   
I, [19-08-26 12:56:00#76128]  INFO -- : Downgrade Trust                                         
I, [19-08-26 12:56:00#76128]  INFO -- : Users                               0                   
I, [19-08-26 12:56:00#76128]  INFO -- : User Trust Targets                  0                   
I, [19-08-26 12:56:00#76128]  INFO -- : User Trust Updated                  0                   
I, [19-08-26 13:09:48#76585]  INFO -- : Discourse Men                                           
I, [19-08-26 13:09:48#76585]  INFO -- : Processed Users                     169                 
I, [19-08-26 13:09:48#76585]  INFO -- : Skipped Users                       0                   
I, [19-08-26 13:09:48#76585]  INFO -- : Messages Sent                       0                   
I, [19-08-26 13:09:48#76585]  INFO -- : Downgrade Trust                                         
I, [19-08-26 13:09:48#76585]  INFO -- : Users                               0                   
I, [19-08-26 13:09:48#76585]  INFO -- : User Trust Targets                  0                   
I, [19-08-26 13:09:48#76585]  INFO -- : User Trust Updated                  0                   
I, [19-08-29 13:23:04#98621]  INFO -- : User to be Updated   last_seen_at   last_posted_at   post_count   time_read   recent_time_read      ["user_fields", "6"]    
I, [19-08-29 13:23:04#98621]  INFO -- : Kim_Miller           2019-08-29     2019-08-26       1876         816273      50329                 2019-08-20 R2    
I, [19-08-29 13:23:04#98621]  INFO -- : Discourse Men                                           
I, [19-08-29 13:23:04#98621]  INFO -- : Processed Users                     1                   
I, [19-08-29 13:23:04#98621]  INFO -- : Skipped Users                       0                   
I, [19-08-29 13:23:04#98621]  INFO -- : Messages Sent                       0                   
I, [19-08-29 13:23:04#98621]  INFO -- : User Preferences                    0                   
I, [19-08-29 13:23:04#98621]  INFO -- : User Preference Targets             1                   
I, [19-08-29 13:23:04#98621]  INFO -- : User Preference Updated             0                   
I, [19-08-29 13:32:58#99476]  INFO -- : User to be Updated   last_seen_at   last_posted_at   post_count   time_read   recent_time_read      ["user_fields", "6"]    
I, [19-08-29 13:32:58#99476]  INFO -- : Kim_Miller           2019-08-29     2019-08-26       1876         816273      50329                 2019-08-20 R2    
I, [19-08-29 13:32:58#99476]  INFO -- : Discourse Men                                           
I, [19-08-29 13:32:58#99476]  INFO -- : Processed Users                     1                   
I, [19-08-29 13:32:58#99476]  INFO -- : Skipped Users                       0                   
I, [19-08-29 13:32:58#99476]  INFO -- : Messages Sent                       0                   
I, [19-08-29 13:32:58#99476]  INFO -- : User Preferences                    0                   
I, [19-08-29 13:32:58#99476]  INFO -- : User Preference Targets             1                   
I, [19-08-29 13:32:58#99476]  INFO -- : User Preference Updated             0                   
I, [19-08-29 15:08:24#13174]  INFO -- : User to be Updated   last_seen_at   last_posted_at   post_count   time_read   recent_time_read      ["user_fields", "6"]    
I, [19-08-29 15:08:24#13174]  INFO -- : Kim_Miller           2019-08-29     2019-08-26       1876         816273      50329                 2019-08-20 R2    
I, [19-08-29 15:08:24#13174]  INFO -- : Discourse Men                                           
I, [19-08-29 15:08:24#13174]  INFO -- : Processed Users                     1                   
I, [19-08-29 15:08:24#13174]  INFO -- : Skipped Users                       0                   
I, [19-08-29 15:08:24#13174]  INFO -- : Messages Sent                       0                   
I, [19-08-29 15:08:24#13174]  INFO -- : User Preferences                    0                   
I, [19-08-29 15:08:24#13174]  INFO -- : User Preference Targets             1                   
I, [19-08-29 15:08:24#13174]  INFO -- : User Preference Updated             0                   
I, [19-08-29 15:10:36#13633]  INFO -- : User to be Updated   last_seen_at   last_posted_at   post_count   time_read   recent_time_read      ["user_fields", "6"]    
I, [19-08-29 15:10:36#13633]  INFO -- : Kim_Miller           2019-08-29     2019-08-26       1876         816273      50329                 2019-08-20 R2    
I, [19-08-29 15:10:37#13633]  INFO -- : Discourse Men                                           
I, [19-08-29 15:10:37#13633]  INFO -- : Processed Users                     1                   
I, [19-08-29 15:10:37#13633]  INFO -- : Skipped Users                       0                   
I, [19-08-29 15:10:37#13633]  INFO -- : Messages Sent                       0                   
I, [19-08-29 15:10:37#13633]  INFO -- : User Preferences                    0                   
I, [19-08-29 15:10:37#13633]  INFO -- : User Preference Targets             1                   
I, [19-08-29 15:10:37#13633]  INFO -- : User Preference Updated             0                   
I, [19-08-29 15:13:06#14116]  INFO -- : User to be Updated   last_seen_at   last_posted_at   post_count   time_read   recent_time_read      ["user_fields", "6"]    
I, [19-08-29 15:13:06#14116]  INFO -- : Kim_Miller           2019-08-29     2019-08-26       1876         816273      50329                 2019-08-20 R2    
I, [19-08-29 15:13:06#14116]  INFO -- : Discourse Men                                           
I, [19-08-29 15:13:06#14116]  INFO -- : Processed Users                     1                   
I, [19-08-29 15:13:06#14116]  INFO -- : Skipped Users                       0                   
I, [19-08-29 15:13:06#14116]  INFO -- : Messages Sent                       0                   
I, [19-08-29 15:13:06#14116]  INFO -- : User Preferences                    0                   
I, [19-08-29 15:13:06#14116]  INFO -- : User Preference Targets             1                   
I, [19-08-29 15:13:06#14116]  INFO -- : User Preference Updated             0                   
I, [19-08-29 15:13:57#14565]  INFO -- : User to be Updated   last_seen_at   last_posted_at   post_count   time_read   recent_time_read      ["user_fields", "6"]    
I, [19-08-29 15:13:57#14565]  INFO -- : Kim_Miller           2019-08-29     2019-08-26       1876         816273      50329                 2019-08-20 R2    
I, [19-08-29 15:15:27#14565]  INFO -- : Discourse Men                                           
I, [19-08-29 15:15:27#14565]  INFO -- : Processed Users                     1                   
I, [19-08-29 15:15:27#14565]  INFO -- : Skipped Users                       0                   
I, [19-08-29 15:15:27#14565]  INFO -- : Messages Sent                       0                   
I, [19-08-29 15:15:27#14565]  INFO -- : User Preferences                    0                   
I, [19-08-29 15:15:27#14565]  INFO -- : User Preference Targets             1                   
I, [19-08-29 15:15:27#14565]  INFO -- : User Preference Updated             0                   
I, [19-08-29 15:15:34#15042]  INFO -- : User to be Updated   last_seen_at   last_posted_at   post_count   time_read   recent_time_read      ["user_fields", "6"]    
I, [19-08-29 15:15:34#15042]  INFO -- : Kim_Miller           2019-08-29     2019-08-26       1876         816273      50329                 2019-08-20 R2    
I, [19-08-29 15:21:15#15042]  INFO -- : Discourse Men                                           
I, [19-08-29 15:21:15#15042]  INFO -- : Processed Users                     1                   
I, [19-08-29 15:21:15#15042]  INFO -- : Skipped Users                       0                   
I, [19-08-29 15:21:15#15042]  INFO -- : Messages Sent                       0                   
I, [19-08-29 15:21:15#15042]  INFO -- : User Preferences                    0                   
I, [19-08-29 15:21:15#15042]  INFO -- : User Preference Targets             1                   
I, [19-08-29 15:21:15#15042]  INFO -- : User Preference Updated             0                   
I, [19-08-29 15:21:22#15566]  INFO -- : User to be Updated   last_seen_at   last_posted_at   post_count   time_read   recent_time_read      ["user_fields", "6"]    
I, [19-08-29 15:21:22#15566]  INFO -- : Kim_Miller           2019-08-29     2019-08-26       1876         816273      50329                 2019-08-20 R2    
I, [19-08-29 15:22:56#15566]  INFO -- : Discourse Men                                           
I, [19-08-29 15:22:56#15566]  INFO -- : Processed Users                     1                   
I, [19-08-29 15:22:56#15566]  INFO -- : Skipped Users                       0                   
I, [19-08-29 15:22:56#15566]  INFO -- : Messages Sent                       0                   
I, [19-08-29 15:22:56#15566]  INFO -- : User Preferences                    0                   
I, [19-08-29 15:22:56#15566]  INFO -- : User Preference Targets             1                   
I, [19-08-29 15:22:56#15566]  INFO -- : User Preference Updated             0                   
I, [19-08-29 15:25:08#16072]  INFO -- : User to be Updated   last_seen_at   last_posted_at   post_count   time_read   recent_time_read      ["user_fields", "6"]    
I, [19-08-29 15:25:08#16072]  INFO -- : Kim_Miller           2019-08-29     2019-08-26       1876         816273      50329                 2019-08-20 R2    
I, [19-08-29 15:25:53#16072]  INFO -- : Discourse Men                                           
I, [19-08-29 15:25:53#16072]  INFO -- : Processed Users                     1                   
I, [19-08-29 15:25:53#16072]  INFO -- : Skipped Users                       0                   
I, [19-08-29 15:25:53#16072]  INFO -- : Messages Sent                       0                   
I, [19-08-29 15:25:53#16072]  INFO -- : User Preferences                    0                   
I, [19-08-29 15:25:53#16072]  INFO -- : User Preference Targets             1                   
I, [19-08-29 15:25:53#16072]  INFO -- : User Preference Updated             0                   
I, [19-08-29 15:27:25#16532]  INFO -- : User to be Updated   last_seen_at   last_posted_at   post_count   time_read   recent_time_read      ["user_fields", "6"]    
I, [19-08-29 15:27:25#16532]  INFO -- : Kim_Miller           2019-08-29     2019-08-26       1876         816273      50329                 2019-08-20 R2    
I, [19-08-29 15:28:45#16532]  INFO -- : Discourse Men                                           
I, [19-08-29 15:28:45#16532]  INFO -- : Processed Users                     1                   
I, [19-08-29 15:28:45#16532]  INFO -- : Skipped Users                       0                   
I, [19-08-29 15:28:45#16532]  INFO -- : Messages Sent                       0                   
I, [19-08-29 15:28:45#16532]  INFO -- : User Preferences                    0                   
I, [19-08-29 15:28:45#16532]  INFO -- : User Preference Targets             1                   
I, [19-08-29 15:28:45#16532]  INFO -- : User Preference Updated             0                   
I, [19-08-29 15:29:09#16987]  INFO -- : User to be Updated   last_seen_at   last_posted_at   post_count   time_read   recent_time_read      ["user_fields", "6"]    
I, [19-08-29 15:29:09#16987]  INFO -- : Kim_Miller           2019-08-29     2019-08-26       1876         816273      50329                 2019-08-20 R2    
I, [19-08-29 15:29:09#16987]  INFO -- : Discourse Men                                           
I, [19-08-29 15:29:09#16987]  INFO -- : Processed Users                     1                   
I, [19-08-29 15:29:09#16987]  INFO -- : Skipped Users                       0                   
I, [19-08-29 15:29:09#16987]  INFO -- : Messages Sent                       0                   
I, [19-08-29 15:29:09#16987]  INFO -- : User Preferences                    0                   
I, [19-08-29 15:29:09#16987]  INFO -- : User Preference Targets             1                   
I, [19-08-29 15:29:09#16987]  INFO -- : User Preference Updated             0                   
I, [19-08-29 15:31:01#17455]  INFO -- : User to be Updated   last_seen_at   last_posted_at   post_count   time_read   recent_time_read      ["user_fields", "6"]    
I, [19-08-29 15:31:01#17455]  INFO -- : Kim_Miller           2019-08-29     2019-08-26       1876         816273      50329                 2019-08-20 R2    
I, [19-08-29 15:31:01#17455]  INFO -- : Discourse Men                                           
I, [19-08-29 15:31:01#17455]  INFO -- : Processed Users                     1                   
I, [19-08-29 15:31:01#17455]  INFO -- : Skipped Users                       0                   
I, [19-08-29 15:31:01#17455]  INFO -- : Messages Sent                       0                   
I, [19-08-29 15:31:01#17455]  INFO -- : User Preferences                    0                   
I, [19-08-29 15:31:01#17455]  INFO -- : User Preference Targets             1                   
I, [19-08-29 15:31:01#17455]  INFO -- : User Preference Updated             0                   
I, [19-08-29 15:32:10#17905]  INFO -- : Discourse Men                                           
I, [19-08-29 15:32:10#17905]  INFO -- : Processed Users                     1                   
I, [19-08-29 15:32:10#17905]  INFO -- : Skipped Users                       0                   
I, [19-08-29 15:32:10#17905]  INFO -- : Messages Sent                       0                   
I, [19-08-29 15:32:10#17905]  INFO -- : User Preferences                    0                   
I, [19-08-29 15:32:10#17905]  INFO -- : User Preference Targets             0                   
I, [19-08-29 15:32:10#17905]  INFO -- : User Preference Updated             0                   
I, [19-08-29 15:32:27#18338]  INFO -- : User to be Updated   last_seen_at   last_posted_at   post_count   time_read   recent_time_read      ["user_fields", "6"]    
I, [19-08-29 15:32:27#18338]  INFO -- : Kim_Miller           2019-08-29     2019-08-26       1876         816273      50329                 9999-99-98    
I, [19-08-29 15:32:27#18338]  INFO -- : Discourse Men                                           
I, [19-08-29 15:32:27#18338]  INFO -- : Processed Users                     1                   
I, [19-08-29 15:32:27#18338]  INFO -- : Skipped Users                       0                   
I, [19-08-29 15:32:27#18338]  INFO -- : Messages Sent                       0                   
I, [19-08-29 15:32:27#18338]  INFO -- : User Preferences                    0                   
I, [19-08-29 15:32:27#18338]  INFO -- : User Preference Targets             1                   
I, [19-08-29 15:32:27#18338]  INFO -- : User Preference Updated             0                   
I, [19-08-29 15:32:53#18772]  INFO -- : User to be Updated   last_seen_at   last_posted_at   post_count   time_read   recent_time_read      ["user_fields", "6"]    
I, [19-08-29 15:32:53#18772]  INFO -- : Kim_Miller           2019-08-29     2019-08-26       1876         816273      50329                 9999-99-98    
W, [19-08-29 15:32:53#18772]  WARN -- : OK
I, [19-08-29 15:32:54#18772]  INFO -- : User to be Updated   last_seen_at   last_posted_at   post_count   time_read   recent_time_read      ["user_fields", "6"]    
I, [19-08-29 15:32:54#18772]  INFO -- : Kim_Miller           2019-08-29     2019-08-26       1876         816273      50329                 2019-12-20    
I, [19-08-29 15:32:55#18772]  INFO -- : Discourse Men                                           
I, [19-08-29 15:32:55#18772]  INFO -- : Processed Users                     1                   
I, [19-08-29 15:32:55#18772]  INFO -- : Skipped Users                       0                   
I, [19-08-29 15:32:55#18772]  INFO -- : Messages Sent                       0                   
I, [19-08-29 15:32:55#18772]  INFO -- : User Preferences                    0                   
I, [19-08-29 15:32:55#18772]  INFO -- : User Preference Targets             1                   
I, [19-08-29 15:32:55#18772]  INFO -- : User Preference Updated             1                   
I, [19-08-30 10:09:24#69892]  INFO -- : User to be Updated   last_seen_at   last_posted_at   post_count   time_read   recent_time_read      ["user_fields", "6"]    
I, [19-08-30 10:09:24#69892]  INFO -- : Kim_Miller           2019-08-29     2019-08-26       1876         816273      49204                 2019-12-20    
I, [19-08-30 10:09:29#69892]  INFO -- : User to be Updated   last_seen_at   last_posted_at   post_count   time_read   recent_time_read      ["user_fields", "6"]    
I, [19-08-30 10:09:29#69892]  INFO -- : David_Ashby          2019-08-21     2019-08-20       124          67766       12533                         
I, [19-08-30 10:09:33#69892]  INFO -- : User to be Updated   last_seen_at   last_posted_at   post_count   time_read   recent_time_read      ["user_fields", "6"]    
I, [19-08-30 10:09:33#69892]  INFO -- : David_Kirk           2019-08-20     2019-08-20       289          246727      20732                         
I, [19-08-30 10:09:38#69892]  INFO -- : User to be Updated   last_seen_at   last_posted_at   post_count   time_read   recent_time_read      ["user_fields", "6"]    
I, [19-08-30 10:09:38#69892]  INFO -- : Moe_Rubenzahl        2019-08-18     2019-08-18       988          487418      62419                         
I, [19-08-30 10:09:43#69892]  INFO -- : User to be Updated   last_seen_at   last_posted_at   post_count   time_read   recent_time_read      ["user_fields", "6"]    
I, [19-08-30 10:09:43#69892]  INFO -- : Ryan_Hyer            2019-08-26     2019-08-21       634          432413      24571                         
I, [19-08-30 10:09:48#69892]  INFO -- : User to be Updated   last_seen_at   last_posted_at   post_count   time_read   recent_time_read      ["user_fields", "6"]    
I, [19-08-30 10:09:48#69892]  INFO -- : Stefan_Schmitz       2019-08-20     2019-08-20       86           137277      11025                         
I, [19-08-30 10:09:53#69892]  INFO -- : User to be Updated   last_seen_at   last_posted_at   post_count   time_read   recent_time_read      ["user_fields", "6"]    
I, [19-08-30 10:09:53#69892]  INFO -- : Steve_Scott          2019-08-25     2019-08-20       2094         1899502     74565                         
I, [19-08-30 10:09:53#69892]  INFO -- : Discourse Men                                           
I, [19-08-30 10:09:53#69892]  INFO -- : Processed Users                     7                   
I, [19-08-30 10:09:53#69892]  INFO -- : Skipped Users                       0                   
I, [19-08-30 10:09:53#69892]  INFO -- : Messages Sent                       0                   
I, [19-08-30 10:09:53#69892]  INFO -- : User Preferences                    0                   
I, [19-08-30 10:09:53#69892]  INFO -- : User Preference Targets             7                   
I, [19-08-30 10:09:53#69892]  INFO -- : User Preference Updated             0                   
I, [19-08-30 10:12:27#71227]  INFO -- : User to be Updated   last_seen_at   last_posted_at   post_count   time_read   recent_time_read      ["user_fields", "6"]    
I, [19-08-30 10:12:27#71227]  INFO -- : Kim_Miller           2019-08-29     2019-08-26       1876         816273      49204                 2019-12-20    
I, [19-08-30 10:12:27#71227]  INFO -- : Discourse Men                                           
I, [19-08-30 10:12:27#71227]  INFO -- : Processed Users                     1                   
I, [19-08-30 10:12:27#71227]  INFO -- : Skipped Users                       0                   
I, [19-08-30 10:12:27#71227]  INFO -- : Messages Sent                       0                   
I, [19-08-30 10:12:27#71227]  INFO -- : User Preferences                    0                   
I, [19-08-30 10:12:27#71227]  INFO -- : User Preference Targets             1                   
I, [19-08-30 10:12:27#71227]  INFO -- : User Preference Updated             0                   
I, [19-08-30 10:12:52#71661]  INFO -- : User to be Updated   last_seen_at   last_posted_at   post_count   time_read   recent_time_read      ["user_fields", "6"]    
I, [19-08-30 10:12:52#71661]  INFO -- : Kim_Miller           2019-08-29     2019-08-26       1876         816273      49204                 2019-12-20    
W, [19-08-30 10:12:53#71661]  WARN -- : OK
I, [19-08-30 10:12:53#71661]  INFO -- : User to be Updated   last_seen_at   last_posted_at   post_count   time_read   recent_time_read      ["user_fields", "6"]    
I, [19-08-30 10:12:53#71661]  INFO -- : Kim_Miller           2019-08-29     2019-08-26       1876         816273      49204                 2019-12-20 MF    
I, [19-08-30 10:12:54#71661]  INFO -- : Discourse Men                                           
I, [19-08-30 10:12:54#71661]  INFO -- : Processed Users                     1                   
I, [19-08-30 10:12:54#71661]  INFO -- : Skipped Users                       0                   
I, [19-08-30 10:12:54#71661]  INFO -- : Messages Sent                       0                   
I, [19-08-30 10:12:54#71661]  INFO -- : User Preferences                    0                   
I, [19-08-30 10:12:54#71661]  INFO -- : User Preference Targets             1                   
I, [19-08-30 10:12:54#71661]  INFO -- : User Preference Updated             1                   
I, [19-08-30 10:13:23#72103]  INFO -- : User to be Updated   last_seen_at   last_posted_at   post_count   time_read   recent_time_read      ["user_fields", "6"]    
I, [19-08-30 10:13:23#72103]  INFO -- : Kim_Miller           2019-08-29     2019-08-26       1876         816273      49204                 2019-12-20 MF    
W, [19-08-30 10:13:26#72103]  WARN -- : OK
I, [19-08-30 10:13:26#72103]  INFO -- : User to be Updated   last_seen_at   last_posted_at   post_count   time_read   recent_time_read      ["user_fields", "6"]    
I, [19-08-30 10:13:26#72103]  INFO -- : Kim_Miller           2019-08-29     2019-08-26       1876         816273      49204                 2019-12-20 MF    
I, [19-08-30 10:13:32#72103]  INFO -- : User to be Updated   last_seen_at   last_posted_at   post_count   time_read   recent_time_read      ["user_fields", "6"]    
I, [19-08-30 10:13:32#72103]  INFO -- : David_Ashby          2019-08-21     2019-08-20       124          67766       12533                         
W, [19-08-30 10:13:32#72103]  WARN -- : OK
I, [19-08-30 10:13:33#72103]  INFO -- : User to be Updated   last_seen_at   last_posted_at   post_count   time_read   recent_time_read      ["user_fields", "6"]    
I, [19-08-30 10:13:33#72103]  INFO -- : David_Ashby          2019-08-21     2019-08-20       124          67766       12533                 2019-10-01 MF    
I, [19-08-30 10:13:38#72103]  INFO -- : User to be Updated   last_seen_at   last_posted_at   post_count   time_read   recent_time_read      ["user_fields", "6"]    
I, [19-08-30 10:13:38#72103]  INFO -- : David_Kirk           2019-08-20     2019-08-20       289          246727      20732                         
W, [19-08-30 10:13:39#72103]  WARN -- : OK
I, [19-08-30 10:13:39#72103]  INFO -- : User to be Updated   last_seen_at   last_posted_at   post_count   time_read   recent_time_read      ["user_fields", "6"]    
I, [19-08-30 10:13:39#72103]  INFO -- : David_Kirk           2019-08-20     2019-08-20       289          246727      20732                 2020-12-19 MF    
I, [19-08-30 10:13:44#72103]  INFO -- : User to be Updated   last_seen_at   last_posted_at   post_count   time_read   recent_time_read      ["user_fields", "6"]    
I, [19-08-30 10:13:44#72103]  INFO -- : Moe_Rubenzahl        2019-08-18     2019-08-18       988          487418      62419                         
W, [19-08-30 10:13:45#72103]  WARN -- : OK
I, [19-08-30 10:13:47#72103]  INFO -- : User to be Updated   last_seen_at   last_posted_at   post_count   time_read   recent_time_read      ["user_fields", "6"]    
I, [19-08-30 10:13:47#72103]  INFO -- : Moe_Rubenzahl        2019-08-18     2019-08-18       988          487418      62419                 2019-12-20 MF    
I, [19-08-30 10:13:52#72103]  INFO -- : User to be Updated   last_seen_at   last_posted_at   post_count   time_read   recent_time_read      ["user_fields", "6"]    
I, [19-08-30 10:13:52#72103]  INFO -- : Ryan_Hyer            2019-08-26     2019-08-21       634          432413      24571                         
W, [19-08-30 10:13:54#72103]  WARN -- : OK
I, [19-08-30 10:13:54#72103]  INFO -- : User to be Updated   last_seen_at   last_posted_at   post_count   time_read   recent_time_read      ["user_fields", "6"]    
I, [19-08-30 10:13:54#72103]  INFO -- : Ryan_Hyer            2019-08-26     2019-08-21       634          432413      24571                 2020-01-13 MF    
I, [19-08-30 10:14:00#72103]  INFO -- : User to be Updated   last_seen_at   last_posted_at   post_count   time_read   recent_time_read      ["user_fields", "6"]    
I, [19-08-30 10:14:00#72103]  INFO -- : Stefan_Schmitz       2019-08-20     2019-08-20       86           137277      11025                         
W, [19-08-30 10:14:00#72103]  WARN -- : OK
I, [19-08-30 10:14:01#72103]  INFO -- : User to be Updated   last_seen_at   last_posted_at   post_count   time_read   recent_time_read      ["user_fields", "6"]    
I, [19-08-30 10:14:01#72103]  INFO -- : Stefan_Schmitz       2019-08-20     2019-08-20       86           137277      11025                 2019-12-20 MF    
I, [19-08-30 10:14:06#72103]  INFO -- : User to be Updated   last_seen_at   last_posted_at   post_count   time_read   recent_time_read      ["user_fields", "6"]    
I, [19-08-30 10:14:06#72103]  INFO -- : Steve_Scott          2019-08-25     2019-08-20       2094         1899502     74565                         
W, [19-08-30 10:14:07#72103]  WARN -- : OK
I, [19-08-30 10:14:07#72103]  INFO -- : User to be Updated   last_seen_at   last_posted_at   post_count   time_read   recent_time_read      ["user_fields", "6"]    
I, [19-08-30 10:14:07#72103]  INFO -- : Steve_Scott          2019-08-25     2019-08-20       2094         1899502     74565                 2019-12-19 MF    
I, [19-08-30 10:14:08#72103]  INFO -- : Discourse Men                                           
I, [19-08-30 10:14:08#72103]  INFO -- : Processed Users                     7                   
I, [19-08-30 10:14:08#72103]  INFO -- : Skipped Users                       0                   
I, [19-08-30 10:14:08#72103]  INFO -- : Messages Sent                       0                   
I, [19-08-30 10:14:08#72103]  INFO -- : User Preferences                    0                   
I, [19-08-30 10:14:08#72103]  INFO -- : User Preference Targets             7                   
I, [19-08-30 10:14:08#72103]  INFO -- : User Preference Updated             7                   
I, [19-08-30 10:18:54#72635]  INFO -- : Discourse Men                                           
I, [19-08-30 10:18:54#72635]  INFO -- : Processed Users                     0                   
I, [19-08-30 10:18:54#72635]  INFO -- : Skipped Users                       0                   
I, [19-08-30 10:18:54#72635]  INFO -- : Messages Sent                       0                   
I, [19-08-30 10:18:54#72635]  INFO -- : User Preferences                    0                   
I, [19-08-30 10:18:54#72635]  INFO -- : User Preference Targets             0                   
I, [19-08-30 10:18:54#72635]  INFO -- : User Preference Updated             0                   
I, [19-08-30 10:20:07#73091]  INFO -- : Discourse Men                                           
I, [19-08-30 10:20:07#73091]  INFO -- : Processed Users                     0                   
I, [19-08-30 10:20:07#73091]  INFO -- : Skipped Users                       0                   
I, [19-08-30 10:20:07#73091]  INFO -- : Messages Sent                       0                   
I, [19-08-30 10:20:07#73091]  INFO -- : User Preferences                    0                   
I, [19-08-30 10:20:07#73091]  INFO -- : User Preference Targets             0                   
I, [19-08-30 10:20:07#73091]  INFO -- : User Preference Updated             0                   
I, [19-08-30 10:20:38#73531]  INFO -- : Discourse Men                                           
I, [19-08-30 10:20:38#73531]  INFO -- : Processed Users                     0                   
I, [19-08-30 10:20:38#73531]  INFO -- : Skipped Users                       0                   
I, [19-08-30 10:20:38#73531]  INFO -- : Messages Sent                       0                   
I, [19-08-30 10:20:38#73531]  INFO -- : User Preferences                    0                   
I, [19-08-30 10:20:38#73531]  INFO -- : User Preference Targets             0                   
I, [19-08-30 10:20:38#73531]  INFO -- : User Preference Updated             0                   
I, [19-08-30 10:26:02#74052]  INFO -- : User to be Updated   last_seen_at   last_posted_at   post_count   time_read   recent_time_read      ["user_fields", "6"]    
I, [19-08-30 10:26:02#74052]  INFO -- : Brad_Fino            2018-03-09     2018-01-08       16           4936        0                             
W, [19-08-30 10:26:02#74052]  WARN -- : OK
I, [19-08-30 10:26:02#74052]  INFO -- : User to be Updated   last_seen_at   last_posted_at   post_count   time_read   recent_time_read      ["user_fields", "6"]    
I, [19-08-30 10:26:02#74052]  INFO -- : Brad_Fino            2018-03-09     2018-01-08       16           4936        0                             
I, [19-08-30 10:26:03#74052]  INFO -- : Discourse Men                                           
I, [19-08-30 10:26:03#74052]  INFO -- : Processed Users                     1                   
I, [19-08-30 10:26:03#74052]  INFO -- : Skipped Users                       0                   
I, [19-08-30 10:26:03#74052]  INFO -- : Messages Sent                       0                   
I, [19-08-30 10:26:03#74052]  INFO -- : User Preferences                    0                   
I, [19-08-30 10:26:03#74052]  INFO -- : User Preference Targets             1                   
I, [19-08-30 10:26:03#74052]  INFO -- : User Preference Updated             1                   
I, [19-08-30 10:36:25#76498]  INFO -- : User to be Updated   last_seen_at   last_posted_at   post_count   time_read   recent_time_read      ["user_fields", "6"]    
I, [19-08-30 10:36:25#76498]  INFO -- : Brad_Fino            2018-03-09     2018-01-08       16           4936        0                             
I, [19-08-30 10:36:25#76498]  INFO -- : User to be Updated   last_seen_at   last_posted_at   post_count   time_read   recent_time_read      ["user_fields", "6"]    
I, [19-08-30 10:36:25#76498]  INFO -- : Brad_Fino            2018-03-09     2018-01-08       16           4936        0                             
I, [19-08-30 10:36:26#76498]  INFO -- : Discourse Men                                           
I, [19-08-30 10:36:26#76498]  INFO -- : Processed Users                     1                   
I, [19-08-30 10:36:26#76498]  INFO -- : Skipped Users                       0                   
I, [19-08-30 10:36:26#76498]  INFO -- : Messages Sent                       0                   
I, [19-08-30 10:36:26#76498]  INFO -- : User Preferences                    0                   
I, [19-08-30 10:36:26#76498]  INFO -- : User Preference Targets             1                   
I, [19-08-30 10:36:26#76498]  INFO -- : User Preference Updated             0                   
I, [19-08-30 10:37:28#76940]  INFO -- : User to be Updated   last_seen_at   last_posted_at   post_count   time_read   recent_time_read      ["user_fields", "6"]    
I, [19-08-30 10:37:28#76940]  INFO -- : Brad_Fino            2018-03-09     2018-01-08       16           4936        0                             
I, [19-08-30 10:37:28#76940]  INFO -- : User After Update   last_seen_at   last_posted_at   post_count   time_read   recent_time_read      ["user_fields", "6"]    
I, [19-08-30 10:37:28#76940]  INFO -- : Brad_Fino           2018-03-09     2018-01-08       16           4936        0                             
I, [19-08-30 10:37:29#76940]  INFO -- : Discourse Men                                           
I, [19-08-30 10:37:29#76940]  INFO -- : Processed Users                     1                   
I, [19-08-30 10:37:29#76940]  INFO -- : Skipped Users                       0                   
I, [19-08-30 10:37:29#76940]  INFO -- : Messages Sent                       0                   
I, [19-08-30 10:37:29#76940]  INFO -- : User Preferences                    0                   
I, [19-08-30 10:37:29#76940]  INFO -- : User Preference Targets             1                   
I, [19-08-30 10:37:29#76940]  INFO -- : User Preference Updated             0                   
I, [19-08-30 10:38:07#77385]  INFO -- : User to be Updated   last_seen_at   last_posted_at   post_count   time_read   recent_time_read      ["user_fields", "6"]    
I, [19-08-30 10:38:07#77385]  INFO -- : Brad_Fino            2018-03-09     2018-01-08       16           4936        0                     1234    
I, [19-08-30 10:38:08#77385]  INFO -- : User After Update   last_seen_at   last_posted_at   post_count   time_read   recent_time_read      ["user_fields", "6"]    
I, [19-08-30 10:38:08#77385]  INFO -- : Brad_Fino           2018-03-09     2018-01-08       16           4936        0                     1234    
I, [19-08-30 10:38:09#77385]  INFO -- : Discourse Men                                           
I, [19-08-30 10:38:09#77385]  INFO -- : Processed Users                     1                   
I, [19-08-30 10:38:09#77385]  INFO -- : Skipped Users                       0                   
I, [19-08-30 10:38:09#77385]  INFO -- : Messages Sent                       0                   
I, [19-08-30 10:38:09#77385]  INFO -- : User Preferences                    0                   
I, [19-08-30 10:38:09#77385]  INFO -- : User Preference Targets             1                   
I, [19-08-30 10:38:09#77385]  INFO -- : User Preference Updated             0                   
